<?xml version="1.0" encoding="UTF-8"?>
<testng-results skipped="0" failed="0" ignored="0" total="1" passed="1">
  <reporter-output>
  </reporter-output>
  <suite name="Default suite" duration-ms="5384" started-at="2018-09-15T16:58:20Z" finished-at="2018-09-15T16:58:25Z">
    <groups>
    </groups>
    <test name="Default test" duration-ms="5384" started-at="2018-09-15T16:58:20Z" finished-at="2018-09-15T16:58:25Z">
      <class name="seltestngpakage.SelTestNGFile">
        <test-method status="PASS" signature="verifyHomepageTitle()[pri:0, instance:seltestngpakage.SelTestNGFile@735b5592]" name="verifyHomepageTitle" duration-ms="5363" started-at="2018-09-15T16:58:20Z" finished-at="2018-09-15T16:58:25Z">
          <reporter-output>
          </reporter-output>
        </test-method> <!-- verifyHomepageTitle -->
      </class> <!-- seltestngpakage.SelTestNGFile -->
    </test> <!-- Default test -->
  </suite> <!-- Default suite -->
</testng-results>
